0 verbose cli /usr/bin/node /usr/bin/npm
1 info using npm@10.9.4
2 info using node@v22.22.0
3 silly config load:file:/usr/lib/node_modules/npm/npmrc
4 silly config load:file:/home/diliou/Work/FichesDeLecture/.npmrc
5 silly config load:file:/home/diliou/.npmrc
6 silly config load:file:/usr/etc/npmrc
7 verbose title npm create vite@latest frontend --template react-ts
8 verbose argv "create" "vite@latest" "frontend" "--" "--template" "react-ts"
9 verbose logfile logs-max:10 dir:/home/diliou/Work/FichesDeLecture/.npm-cache/_logs/2026-01-16T20_43_42_358Z-
10 verbose logfile /home/diliou/Work/FichesDeLecture/.npm-cache/_logs/2026-01-16T20_43_42_358Z-debug-0.log
11 silly logfile done cleaning log files
12 silly packumentCache heap:4345298944 maxSize:1086324736 maxEntrySize:543162368
13 http fetch GET 200 https://registry.npmjs.org/create-vite 125ms (cache miss)
14 silly packumentCache heap:4345298944 maxSize:1086324736 maxEntrySize:543162368
15 warn exec The following package was not found and will be installed: create-vite@8.2.0
16 silly idealTree buildDeps
17 silly fetch manifest create-vite@8.2.0
18 silly packumentCache full:https://registry.npmjs.org/create-vite cache-miss
19 http fetch GET 200 https://registry.npmjs.org/create-vite 609ms (cache miss)
20 silly packumentCache full:https://registry.npmjs.org/create-vite set size:undefined disposed:false
21 silly placeDep ROOT create-vite@8.2.0 OK for:  want: 8.2.0
22 silly reify moves {}
23 silly audit bulk request { 'create-vite': [ '8.2.0' ] }
24 http cache create-vite@https://registry.npmjs.org/create-vite/-/create-vite-8.2.0.tgz 0ms (cache hit)
25 silly tarball no local data for create-vite@https://registry.npmjs.org/create-vite/-/create-vite-8.2.0.tgz. Extracting by manifest.
26 http fetch GET 200 https://registry.npmjs.org/create-vite/-/create-vite-8.2.0.tgz 134ms (cache miss)
27 http fetch POST 200 https://registry.npmjs.org/-/npm/v1/security/advisories/bulk 226ms
28 silly audit report {}
29 verbose cwd /home/diliou/Work/FichesDeLecture
30 verbose os Linux 6.14.0-37-generic
31 verbose node v22.22.0
32 verbose npm  v10.9.4
33 verbose exit 0
34 info ok
